{"logTime": "1227/142322", "correlationVector":"iZYlnEwM+tg0roXH26QUar.71","action":"GetUpdates", "result":"DeleteReceived", "context":{"id":"e96a680a-3fc8-4735-af18-3c20f127e998", "isDeleted:":"true", "version":"1734849859662"}}
{"logTime": "1227/142322", "correlationVector":"iZYlnEwM+tg0roXH26QUar.72","action":"GetUpdates", "result":"DeleteReceived", "context":{"id":"3f19fa75-d7c7-49ff-b6d5-8e5f432b8cc3", "isDeleted:":"true", "version":"1734852299589"}}
{"logTime": "1227/142322", "correlationVector":"iZYlnEwM+tg0roXH26QUar.73","action":"GetUpdates", "result":"DeleteReceived", "context":{"id":"0495a005-8451-427a-9fcb-8b4de62e03e0", "isDeleted:":"true", "version":"1734853375329"}}
{"logTime": "1227/142322", "correlationVector":"iZYlnEwM+tg0roXH26QUar.74","action":"GetUpdates", "result":"DeleteReceived", "context":{"id":"cf847cc7-5195-4414-91d0-29fc8f135bc1", "isDeleted:":"true", "version":"1734856033079"}}
{"logTime": "1227/142322", "correlationVector":"iZYlnEwM+tg0roXH26QUar.75","action":"GetUpdates", "result":"DeleteReceived", "context":{"id":"cb3fff90-3c59-4b9f-b722-70e28af96856", "isDeleted:":"true", "version":"1734856140453"}}
{"logTime": "1227/142322", "correlationVector":"iZYlnEwM+tg0roXH26QUar.76","action":"GetUpdates", "result":"DeleteReceived", "context":{"id":"91984ac2-7d1d-4c1d-8946-e5b3738706da", "isDeleted:":"true", "version":"1734856178824"}}
{"logTime": "1227/142322", "correlationVector":"iZYlnEwM+tg0roXH26QUar.77","action":"GetUpdates", "result":"DeleteReceived", "context":{"id":"67535888-c81d-4085-bd2b-e0de4f42ca3d", "isDeleted:":"true", "version":"1734858155829"}}
{"logTime": "1227/142322", "correlationVector":"iZYlnEwM+tg0roXH26QUar.78","action":"GetUpdates", "result":"DeleteReceived", "context":{"id":"da48cb72-3774-4d94-b995-fcefc1aee9c7", "isDeleted:":"true", "version":"1734858155831"}}
{"logTime": "1227/142322", "correlationVector":"iZYlnEwM+tg0roXH26QUar.79","action":"GetUpdates", "result":"DeleteReceived", "context":{"id":"988e7fbd-c478-44f7-b072-b106556f6aa4", "isDeleted:":"true", "version":"1734858330152"}}
{"logTime": "1227/142322", "correlationVector":"iZYlnEwM+tg0roXH26QUar.80","action":"GetUpdates", "result":"DeleteReceived", "context":{"id":"3e1aaa6c-1edc-4a7b-af38-d8887a08521d", "isDeleted:":"true", "version":"1734859082392"}}
{"logTime": "1227/142322", "correlationVector":"iZYlnEwM+tg0roXH26QUar.81","action":"GetUpdates", "result":"DeleteReceived", "context":{"id":"9af262e2-5d5f-475f-a29a-b540beb6fb61", "isDeleted:":"true", "version":"1734866061285"}}
{"logTime": "1227/142322", "correlationVector":"iZYlnEwM+tg0roXH26QUar.82","action":"GetUpdates", "result":"DeleteReceived", "context":{"id":"00158f02-f579-4ccb-9ee9-b8fcbf63f392", "isDeleted:":"true", "version":"1734866061286"}}
{"logTime": "1227/142322", "correlationVector":"iZYlnEwM+tg0roXH26QUar.83","action":"GetUpdates", "result":"DeleteReceived", "context":{"id":"551f1f25-a62a-4da5-af01-1974f2b4d35b", "isDeleted:":"true", "version":"1734866061287"}}
{"logTime": "1227/142322", "correlationVector":"iZYlnEwM+tg0roXH26QUar.84","action":"GetUpdates", "result":"DeleteReceived", "context":{"id":"69d149cb-7761-4d36-96b2-efa8ed60e3d4", "isDeleted:":"true", "version":"1734868753168"}}
{"logTime": "1227/142322", "correlationVector":"iZYlnEwM+tg0roXH26QUar.85","action":"GetUpdates", "result":"DeleteReceived", "context":{"id":"aa66508a-c384-4693-a407-86e2ab9123f7", "isDeleted:":"true", "version":"1734872367641"}}
{"logTime": "1227/142322", "correlationVector":"iZYlnEwM+tg0roXH26QUar.86","action":"GetUpdates", "result":"DeleteReceived", "context":{"id":"166a5415-a59a-4892-b7d1-d44c50fc1773", "isDeleted:":"true", "version":"1734872439118"}}
{"logTime": "1227/142322", "correlationVector":"iZYlnEwM+tg0roXH26QUar.87","action":"GetUpdates", "result":"DeleteReceived", "context":{"id":"e9d56e6a-80c7-4ef0-a056-ad9d22d01f28", "isDeleted:":"true", "version":"1734877952675"}}
{"logTime": "1227/142322", "correlationVector":"iZYlnEwM+tg0roXH26QUar.88","action":"GetUpdates", "result":"DeleteReceived", "context":{"id":"c161941b-6445-4d72-af68-389826cc3e87", "isDeleted:":"true", "version":"1734881811828"}}
{"logTime": "1227/142322", "correlationVector":"iZYlnEwM+tg0roXH26QUar.89","action":"GetUpdates", "result":"DeleteReceived", "context":{"id":"e153bd01-f051-41eb-a6fd-665221570cd9", "isDeleted:":"true", "version":"1734882005026"}}
{"logTime": "1227/142322", "correlationVector":"iZYlnEwM+tg0roXH26QUar.90","action":"GetUpdates", "result":"DeleteReceived", "context":{"id":"bad4a7ef-833b-4b9a-9e34-c8fd2c10b072", "isDeleted:":"true", "version":"1734882398828"}}
{"logTime": "1227/142322", "correlationVector":"iZYlnEwM+tg0roXH26QUar.91","action":"GetUpdates", "result":"DeleteReceived", "context":{"id":"24469c39-97f3-42c2-939b-681dbf578104", "isDeleted:":"true", "version":"1734921678198"}}
{"logTime": "1227/142322", "correlationVector":"iZYlnEwM+tg0roXH26QUar.92","action":"GetUpdates", "result":"DeleteReceived", "context":{"id":"8380d583-8c78-49af-a85e-708b9412a24c", "isDeleted:":"true", "version":"1734928287575"}}
{"logTime": "1227/142322", "correlationVector":"iZYlnEwM+tg0roXH26QUar.93","action":"GetUpdates", "result":"DeleteReceived", "context":{"id":"85133936-7b4a-485e-92ca-138beefbcb42", "isDeleted:":"true", "version":"1734928418375"}}
{"logTime": "1227/142322", "correlationVector":"iZYlnEwM+tg0roXH26QUar.94","action":"GetUpdates", "result":"DeleteReceived", "context":{"id":"0dc5e80d-f23e-46f3-af1e-1923d84cf92e", "isDeleted:":"true", "version":"1734928538488"}}
{"logTime": "1227/142322", "correlationVector":"iZYlnEwM+tg0roXH26QUar.95","action":"GetUpdates", "result":"DeleteReceived", "context":{"id":"4c0b22c8-7fad-4a20-ace4-f6c7bc13fad3", "isDeleted:":"true", "version":"1734928538489"}}
{"logTime": "1227/142322", "correlationVector":"iZYlnEwM+tg0roXH26QUar.96","action":"GetUpdates", "result":"DeleteReceived", "context":{"id":"994c45b2-37bc-4295-a70f-66053b8783a3", "isDeleted:":"true", "version":"1734928538490"}}
{"logTime": "1227/142322", "correlationVector":"iZYlnEwM+tg0roXH26QUar.97","action":"GetUpdates", "result":"DeleteReceived", "context":{"id":"9ae1b85b-8dee-417d-b616-0b61cb629907", "isDeleted:":"true", "version":"1734928538491"}}
{"logTime": "1227/142322", "correlationVector":"iZYlnEwM+tg0roXH26QUar.98","action":"GetUpdates", "result":"DeleteReceived", "context":{"id":"82ecb65c-38da-46aa-a190-b90f3423f549", "isDeleted:":"true", "version":"1734928538493"}}
{"logTime": "1227/142322", "correlationVector":"iZYlnEwM+tg0roXH26QUar.99","action":"GetUpdates", "result":"DeleteReceived", "context":{"id":"689ba614-919f-46e0-a9b2-91fe88bf124b", "isDeleted:":"true", "version":"1734928538494"}}
{"logTime": "1227/142322", "correlationVector":"iZYlnEwM+tg0roXH26QUar.100","action":"GetUpdates", "result":"DeleteReceived", "context":{"id":"eb717695-a487-4954-9818-6530b91ec044", "isDeleted:":"true", "version":"1734928538495"}}
{"logTime": "1227/142322", "correlationVector":"iZYlnEwM+tg0roXH26QUar.101","action":"GetUpdates", "result":"DeleteReceived", "context":{"id":"898ac72c-26e1-4e5b-aa25-8ae224bcddf3", "isDeleted:":"true", "version":"1734930109274"}}
{"logTime": "1227/142322", "correlationVector":"iZYlnEwM+tg0roXH26QUar.102","action":"GetUpdates", "result":"DeleteReceived", "context":{"id":"b8e95e7d-62f6-4f68-9c40-5713b7134baa", "isDeleted:":"true", "version":"1734930259311"}}
{"logTime": "1227/142322", "correlationVector":"iZYlnEwM+tg0roXH26QUar.103","action":"GetUpdates", "result":"DeleteReceived", "context":{"id":"baf66435-abb5-431b-8a39-cc978d3d37a9", "isDeleted:":"true", "version":"1734930419799"}}
{"logTime": "1227/142322", "correlationVector":"iZYlnEwM+tg0roXH26QUar.104","action":"GetUpdates", "result":"DeleteReceived", "context":{"id":"6894e33f-f268-4b98-8bcd-9898362106a8", "isDeleted:":"true", "version":"1734932493670"}}
{"logTime": "1227/142322", "correlationVector":"iZYlnEwM+tg0roXH26QUar.105","action":"GetUpdates", "result":"DeleteReceived", "context":{"id":"29f6ce48-0ac3-4d82-a213-576c9b719316", "isDeleted:":"true", "version":"1734934033028"}}
{"logTime": "1227/142322", "correlationVector":"iZYlnEwM+tg0roXH26QUar.106","action":"GetUpdates", "result":"DeleteReceived", "context":{"id":"08b51948-1090-4461-8a70-54cc83dd3a7e", "isDeleted:":"true", "version":"1734935904454"}}
{"logTime": "1227/142322", "correlationVector":"iZYlnEwM+tg0roXH26QUar.107","action":"GetUpdates", "result":"DeleteReceived", "context":{"id":"ad1d6f89-bd16-4e70-a8fa-0ac8bbd506c7", "isDeleted:":"true", "version":"1734936014311"}}
{"logTime": "1227/142322", "correlationVector":"iZYlnEwM+tg0roXH26QUar.108","action":"GetUpdates", "result":"DeleteReceived", "context":{"id":"11351b6d-5a20-452f-8bf3-a1243b2ad6ff", "isDeleted:":"true", "version":"1734940371839"}}
{"logTime": "1227/142322", "correlationVector":"iZYlnEwM+tg0roXH26QUar.109","action":"GetUpdates", "result":"DeleteReceived", "context":{"id":"899e1b4f-5e2b-40ac-ab8a-b8fe60d5f7a0", "isDeleted:":"true", "version":"1734941562666"}}
{"logTime": "1227/142322", "correlationVector":"iZYlnEwM+tg0roXH26QUar.110","action":"GetUpdates", "result":"DeleteReceived", "context":{"id":"a1217379-2212-407a-a658-808483f00098", "isDeleted:":"true", "version":"1734941877567"}}
{"logTime": "1227/142322", "correlationVector":"iZYlnEwM+tg0roXH26QUar.111","action":"GetUpdates", "result":"DeleteReceived", "context":{"id":"c3936351-ade9-4405-8a57-62c35c7367f2", "isDeleted:":"true", "version":"1734942763177"}}
{"logTime": "1227/142322", "correlationVector":"iZYlnEwM+tg0roXH26QUar.112","action":"GetUpdates", "result":"DeleteReceived", "context":{"id":"bacd674f-6758-4e7a-a581-d6f2e4bfab44", "isDeleted:":"true", "version":"1734944768872"}}
{"logTime": "1227/142322", "correlationVector":"iZYlnEwM+tg0roXH26QUar.113","action":"GetUpdates", "result":"DeleteReceived", "context":{"id":"65d82772-ff28-460b-994c-e4f11aa83d33", "isDeleted:":"true", "version":"1734945962254"}}
{"logTime": "1227/142322", "correlationVector":"iZYlnEwM+tg0roXH26QUar.114","action":"GetUpdates", "result":"DeleteReceived", "context":{"id":"69f9e8df-0d7a-4332-be78-d6467482d9e5", "isDeleted:":"true", "version":"1734945962256"}}
{"logTime": "1227/142322", "correlationVector":"iZYlnEwM+tg0roXH26QUar.115","action":"GetUpdates", "result":"DeleteReceived", "context":{"id":"e1da492a-2e08-4b65-9ef2-21a8656a7eda", "isDeleted:":"true", "version":"1734945962257"}}
{"logTime": "1227/142322", "correlationVector":"iZYlnEwM+tg0roXH26QUar.116","action":"GetUpdates", "result":"DeleteReceived", "context":{"id":"b1b96dc9-c523-4a63-ab1a-9c9b8ba725a2", "isDeleted:":"true", "version":"1734946105455"}}
{"logTime": "1227/142322", "correlationVector":"iZYlnEwM+tg0roXH26QUar.117","action":"GetUpdates", "result":"DeleteReceived", "context":{"id":"161cb5d3-a8fe-4da9-9f54-f5b25ff7401e", "isDeleted:":"true", "version":"1734947022018"}}
{"logTime": "1227/142322", "correlationVector":"iZYlnEwM+tg0roXH26QUar.118","action":"GetUpdates", "result":"DeleteReceived", "context":{"id":"69be1369-35c4-49d2-adce-dcc4bdaefb42", "isDeleted:":"true", "version":"1734950591088"}}
{"logTime": "1227/142322", "correlationVector":"iZYlnEwM+tg0roXH26QUar.119","action":"GetUpdates", "result":"DeleteReceived", "context":{"id":"b689f78d-5e07-4d6d-a344-81df21602352", "isDeleted:":"true", "version":"1734952600914"}}
{"logTime": "1227/142322", "correlationVector":"iZYlnEwM+tg0roXH26QUar.120","action":"GetUpdates", "result":"DeleteReceived", "context":{"id":"b47ea23b-8ccb-4c80-b443-161c5a72775c", "isDeleted:":"true", "version":"1734952600915"}}
{"logTime": "1227/142322", "correlationVector":"iZYlnEwM+tg0roXH26QUar.121","action":"GetUpdates", "result":"DeleteReceived", "context":{"id":"9dba4caf-2f23-4f13-a9a5-99293dddc4e1", "isDeleted:":"true", "version":"1734952600916"}}
{"logTime": "1227/142322", "correlationVector":"iZYlnEwM+tg0roXH26QUar.122","action":"GetUpdates", "result":"DeleteReceived", "context":{"id":"2ee65824-ddcf-4270-9d0d-6d02820380b2", "isDeleted:":"true", "version":"1734952600918"}}
{"logTime": "1227/142322", "correlationVector":"iZYlnEwM+tg0roXH26QUar.123","action":"GetUpdates", "result":"DeleteReceived", "context":{"id":"5730cd34-2d63-417c-a399-403efd3d6263", "isDeleted:":"true", "version":"1734952747912"}}
{"logTime": "1227/142322", "correlationVector":"iZYlnEwM+tg0roXH26QUar.124","action":"GetUpdates", "result":"DeleteReceived", "context":{"id":"f79dd890-5769-41ee-93b6-79b6b5d14868", "isDeleted:":"true", "version":"1734952747913"}}
{"logTime": "1227/142322", "correlationVector":"iZYlnEwM+tg0roXH26QUar.125","action":"GetUpdates", "result":"DeleteReceived", "context":{"id":"b3243cae-3389-4fa7-a507-1d607dbb700e", "isDeleted:":"true", "version":"1734952822963"}}
{"logTime": "1227/142322", "correlationVector":"iZYlnEwM+tg0roXH26QUar.126","action":"GetUpdates", "result":"DeleteReceived", "context":{"id":"ce9f736d-3788-47d6-ae94-675537b9c2dc", "isDeleted:":"true", "version":"1734955040910"}}
{"logTime": "1227/142322", "correlationVector":"iZYlnEwM+tg0roXH26QUar.127","action":"GetUpdates", "result":"DeleteReceived", "context":{"id":"091e7c62-2e35-4d70-ac4b-0878c5507363", "isDeleted:":"true", "version":"1734956000948"}}
{"logTime": "1227/142322", "correlationVector":"iZYlnEwM+tg0roXH26QUar.128","action":"GetUpdates", "result":"DeleteReceived", "context":{"id":"21588586-f5ee-4e47-8c32-a8c5f72e6af1", "isDeleted:":"true", "version":"1734957757353"}}
{"logTime": "1227/142322", "correlationVector":"iZYlnEwM+tg0roXH26QUar.129","action":"GetUpdates", "result":"DeleteReceived", "context":{"id":"5a0c8dd8-22e5-44aa-9bdc-d42f9ae24113", "isDeleted:":"true", "version":"1734960560556"}}
{"logTime": "1227/142322", "correlationVector":"iZYlnEwM+tg0roXH26QUar.130","action":"GetUpdates", "result":"DeleteReceived", "context":{"id":"537e80b8-8af3-4648-9cb1-2119779a0171", "isDeleted:":"true", "version":"1734960698080"}}
{"logTime": "1227/142322", "correlationVector":"iZYlnEwM+tg0roXH26QUar.131","action":"GetUpdates", "result":"DeleteReceived", "context":{"id":"e383ef26-5d17-4a5f-843f-b99c9afbf191", "isDeleted:":"true", "version":"1734961561846"}}
{"logTime": "1227/142322", "correlationVector":"iZYlnEwM+tg0roXH26QUar.132","action":"GetUpdates", "result":"DeleteReceived", "context":{"id":"b193e574-95bf-4eb7-80c3-8fe567619894", "isDeleted:":"true", "version":"1734965784617"}}
{"logTime": "1227/142322", "correlationVector":"iZYlnEwM+tg0roXH26QUar.133","action":"GetUpdates", "result":"DeleteReceived", "context":{"id":"0a6f8956-9b65-4213-8837-a806dbaaf729", "isDeleted:":"true", "version":"1734968839348"}}
{"logTime": "1227/142322", "correlationVector":"iZYlnEwM+tg0roXH26QUar.134","action":"GetUpdates", "result":"DeleteReceived", "context":{"id":"b71ce490-e521-4181-af4c-5e19c9eb90b8", "isDeleted:":"true", "version":"1734969652874"}}
{"logTime": "1227/142322", "correlationVector":"iZYlnEwM+tg0roXH26QUar.135","action":"GetUpdates", "result":"DeleteReceived", "context":{"id":"f59103bb-aa79-4cab-97ce-b948474b3237", "isDeleted:":"true", "version":"1734970250086"}}
{"logTime": "1227/142322", "correlationVector":"iZYlnEwM+tg0roXH26QUar.136","action":"GetUpdates", "result":"DeleteReceived", "context":{"id":"061d3744-84d0-4907-8b69-e8550c103107", "isDeleted:":"true", "version":"1734972922855"}}
{"logTime": "1227/142322", "correlationVector":"iZYlnEwM+tg0roXH26QUar.137","action":"GetUpdates", "result":"DeleteReceived", "context":{"id":"664c94c9-606d-42ae-8876-fece65a82b0f", "isDeleted:":"true", "version":"1734973634129"}}
{"logTime": "1227/142322", "correlationVector":"iZYlnEwM+tg0roXH26QUar.138","action":"GetUpdates", "result":"DeleteReceived", "context":{"id":"e68d7d90-203f-4e09-96a0-9605680ab17a", "isDeleted:":"true", "version":"1734974522668"}}
{"logTime": "1227/142322", "correlationVector":"iZYlnEwM+tg0roXH26QUar.139","action":"GetUpdates", "result":"DeleteReceived", "context":{"id":"09acd49c-3691-49e9-bf3e-1efeae289b24", "isDeleted:":"true", "version":"1735005834663"}}
{"logTime": "1227/142322", "correlationVector":"iZYlnEwM+tg0roXH26QUar.140","action":"GetUpdates", "result":"DeleteReceived", "context":{"id":"a3b7c14a-a985-4431-9ecf-62a3fa8489c2", "isDeleted:":"true", "version":"1735005834664"}}
{"logTime": "1227/142322", "correlationVector":"iZYlnEwM+tg0roXH26QUar.141","action":"GetUpdates", "result":"DeleteReceived", "context":{"id":"000416f5-f5fa-4c28-b785-d0f5d7abce82", "isDeleted:":"true", "version":"1735005834665"}}
{"logTime": "1227/142322", "correlationVector":"iZYlnEwM+tg0roXH26QUar.142","action":"GetUpdates", "result":"DeleteReceived", "context":{"id":"f96b933c-adb3-4aca-88e9-00cac17e7fc5", "isDeleted:":"true", "version":"1735005834666"}}
{"logTime": "1227/142322", "correlationVector":"iZYlnEwM+tg0roXH26QUar.143","action":"GetUpdates", "result":"DeleteReceived", "context":{"id":"cdeaf997-b345-4180-a364-23472f36bec4", "isDeleted:":"true", "version":"1735005834667"}}
{"logTime": "1227/142322", "correlationVector":"iZYlnEwM+tg0roXH26QUar.144","action":"GetUpdates", "result":"DeleteReceived", "context":{"id":"3c720faf-e51e-4bf7-87bf-338be68622e2", "isDeleted:":"true", "version":"1735005834669"}}
{"logTime": "1227/142322", "correlationVector":"iZYlnEwM+tg0roXH26QUar.145","action":"GetUpdates", "result":"DeleteReceived", "context":{"id":"73aef426-4009-4c3b-84a7-df145138fd32", "isDeleted:":"true", "version":"1735005834670"}}
{"logTime": "1227/142322", "correlationVector":"iZYlnEwM+tg0roXH26QUar.146","action":"GetUpdates", "result":"DeleteReceived", "context":{"id":"84b829d2-7147-4bab-93f1-abe372946535", "isDeleted:":"true", "version":"1735005834671"}}
{"logTime": "1227/142322", "correlationVector":"iZYlnEwM+tg0roXH26QUar.147","action":"GetUpdates", "result":"DeleteReceived", "context":{"id":"aa8a971c-97e2-4db2-89ac-308d0294e24a", "isDeleted:":"true", "version":"1735006025669"}}
{"logTime": "1227/142322", "correlationVector":"iZYlnEwM+tg0roXH26QUar.148","action":"GetUpdates", "result":"DeleteReceived", "context":{"id":"1967a456-66a1-4c93-89eb-652f5a52d741", "isDeleted:":"true", "version":"1735006621807"}}
{"logTime": "1227/142322", "correlationVector":"iZYlnEwM+tg0roXH26QUar.149","action":"GetUpdates", "result":"DeleteReceived", "context":{"id":"adefbdce-f27f-4792-8b56-225786934b19", "isDeleted:":"true", "version":"1735007138084"}}
{"logTime": "1227/142322", "correlationVector":"iZYlnEwM+tg0roXH26QUar.150","action":"GetUpdates", "result":"DeleteReceived", "context":{"id":"2ab90c97-ae6a-462f-a793-27e2a218e182", "isDeleted:":"true", "version":"1735012059813"}}
{"logTime": "1227/142322", "correlationVector":"iZYlnEwM+tg0roXH26QUar.151","action":"GetUpdates", "result":"DeleteReceived", "context":{"id":"e04668ba-1cd0-4f5a-a3d8-b89c39ec26ee", "isDeleted:":"true", "version":"1735012059814"}}
{"logTime": "1227/142322", "correlationVector":"iZYlnEwM+tg0roXH26QUar.152","action":"GetUpdates", "result":"DeleteReceived", "context":{"id":"d95e34aa-6ef0-4ac3-8cf2-33a638b5f49e", "isDeleted:":"true", "version":"1735016402286"}}
{"logTime": "1227/142322", "correlationVector":"iZYlnEwM+tg0roXH26QUar.153","action":"GetUpdates", "result":"DeleteReceived", "context":{"id":"980234cb-543f-4af0-b107-70a0544a208d", "isDeleted:":"true", "version":"1735018872359"}}
{"logTime": "1227/142322", "correlationVector":"iZYlnEwM+tg0roXH26QUar.154","action":"GetUpdates", "result":"DeleteReceived", "context":{"id":"eb8f79f0-d521-4b64-88e7-27d3aa60178c", "isDeleted:":"true", "version":"1735026218941"}}
{"logTime": "1227/142322", "correlationVector":"iZYlnEwM+tg0roXH26QUar.155","action":"GetUpdates", "result":"DeleteReceived", "context":{"id":"722da674-a5dd-4547-83d1-c37f911ea0d5", "isDeleted:":"true", "version":"1735026680196"}}
{"logTime": "1227/142322", "correlationVector":"iZYlnEwM+tg0roXH26QUar.156","action":"GetUpdates", "result":"DeleteReceived", "context":{"id":"221b21ef-5dc2-4d9a-b492-1208e44e9f00", "isDeleted:":"true", "version":"1735029340514"}}
{"logTime": "1227/142322", "correlationVector":"iZYlnEwM+tg0roXH26QUar.157","action":"GetUpdates", "result":"DeleteReceived", "context":{"id":"65274957-764d-4d0c-9554-d9e7dfd41df5", "isDeleted:":"true", "version":"1735029896033"}}
{"logTime": "1227/142322", "correlationVector":"iZYlnEwM+tg0roXH26QUar.158","action":"GetUpdates", "result":"DeleteReceived", "context":{"id":"67ceb5ba-a465-48f6-9cde-6414bf9ee8ab", "isDeleted:":"true", "version":"1735031997120"}}
{"logTime": "1227/142322", "correlationVector":"iZYlnEwM+tg0roXH26QUar.159","action":"GetUpdates", "result":"DeleteReceived", "context":{"id":"2705a5b2-9fd4-4977-babb-ee481603c0a9", "isDeleted:":"true", "version":"1735032246080"}}
{"logTime": "1227/142322", "correlationVector":"iZYlnEwM+tg0roXH26QUar.160","action":"GetUpdates", "result":"DeleteReceived", "context":{"id":"2fdc094c-7e4b-48a5-9d66-adb7f34f1cf7", "isDeleted:":"true", "version":"1735032619233"}}
{"logTime": "1227/142322", "correlationVector":"iZYlnEwM+tg0roXH26QUar.161","action":"GetUpdates", "result":"DeleteReceived", "context":{"id":"bbde762c-424d-4661-9b2f-a18248b0bec8", "isDeleted:":"true", "version":"1735032619234"}}
{"logTime": "1227/142322", "correlationVector":"iZYlnEwM+tg0roXH26QUar.162","action":"GetUpdates", "result":"DeleteReceived", "context":{"id":"b8f7cd06-54c9-438e-9298-c989d57bafdb", "isDeleted:":"true", "version":"1735032619235"}}
{"logTime": "1227/142322", "correlationVector":"iZYlnEwM+tg0roXH26QUar.163","action":"GetUpdates", "result":"DeleteReceived", "context":{"id":"1593887d-2f76-47c4-93bf-e02501c95771", "isDeleted:":"true", "version":"1735032619236"}}
{"logTime": "1227/142322", "correlationVector":"iZYlnEwM+tg0roXH26QUar.164","action":"GetUpdates", "result":"DeleteReceived", "context":{"id":"ca56656b-477b-44d0-81d9-384959cb6f3a", "isDeleted:":"true", "version":"1735032619237"}}
{"logTime": "1227/142322", "correlationVector":"iZYlnEwM+tg0roXH26QUar.165","action":"GetUpdates", "result":"DeleteReceived", "context":{"id":"dbfc18ea-35dd-405a-b20a-07e7c472511a", "isDeleted:":"true", "version":"1735032619239"}}
{"logTime": "1227/142322", "correlationVector":"iZYlnEwM+tg0roXH26QUar.166","action":"GetUpdates", "result":"DeleteReceived", "context":{"id":"12df7956-59f8-46fa-bc5f-6066312a455e", "isDeleted:":"true", "version":"1735032619240"}}
{"logTime": "1227/142322", "correlationVector":"iZYlnEwM+tg0roXH26QUar.167","action":"GetUpdates", "result":"DeleteReceived", "context":{"id":"79872066-78c4-4945-bb30-0815c76e4eb6", "isDeleted:":"true", "version":"1735032619242"}}
{"logTime": "1227/142322", "correlationVector":"iZYlnEwM+tg0roXH26QUar.168","action":"GetUpdates", "result":"DeleteReceived", "context":{"id":"0273f072-78bd-4380-9482-8d577eb1db2f", "isDeleted:":"true", "version":"1735032619243"}}
{"logTime": "1227/142322", "correlationVector":"iZYlnEwM+tg0roXH26QUar.169","action":"GetUpdates", "result":"DeleteReceived", "context":{"id":"4f4f2288-9e6c-4733-bbbf-0064ae78dc6a", "isDeleted:":"true", "version":"1735032619244"}}
{"logTime": "1227/142322", "correlationVector":"iZYlnEwM+tg0roXH26QUar.170","action":"GetUpdates", "result":"DeleteReceived", "context":{"id":"00d56378-2554-47ce-b555-aeb6195581cc", "isDeleted:":"true", "version":"1735033667569"}}
{"logTime": "1227/142322", "correlationVector":"iZYlnEwM+tg0roXH26QUar.171","action":"GetUpdates", "result":"DeleteReceived", "context":{"id":"3beac688-1aef-4567-b854-c42bf96e1d87", "isDeleted:":"true", "version":"1735038251946"}}
{"logTime": "1227/142322", "correlationVector":"iZYlnEwM+tg0roXH26QUar.172","action":"GetUpdates", "result":"DeleteReceived", "context":{"id":"4cb1002c-d54e-4f27-8a58-96b3aa8d119c", "isDeleted:":"true", "version":"1735038251947"}}
{"logTime": "1227/142322", "correlationVector":"iZYlnEwM+tg0roXH26QUar.173","action":"GetUpdates", "result":"DeleteReceived", "context":{"id":"7f38f15d-b69d-437c-88c6-24aca90e9dea", "isDeleted:":"true", "version":"1735038503011"}}
{"logTime": "1227/142322", "correlationVector":"iZYlnEwM+tg0roXH26QUar.174","action":"GetUpdates", "result":"DeleteReceived", "context":{"id":"af083ff7-097c-4091-bb78-85f13dea9cc0", "isDeleted:":"true", "version":"1735038619904"}}
{"logTime": "1227/142322", "correlationVector":"iZYlnEwM+tg0roXH26QUar.175","action":"GetUpdates", "result":"DeleteReceived", "context":{"id":"bde2fc92-207b-4e9d-b4e1-99153815feac", "isDeleted:":"true", "version":"1735040269348"}}
{"logTime": "1227/142322", "correlationVector":"iZYlnEwM+tg0roXH26QUar.176","action":"GetUpdates", "result":"DeleteReceived", "context":{"id":"ce7cbc10-d929-43b7-8e0d-3585c219d934", "isDeleted:":"true", "version":"1735042223236"}}
{"logTime": "1227/142322", "correlationVector":"iZYlnEwM+tg0roXH26QUar.177","action":"GetUpdates", "result":"DeleteReceived", "context":{"id":"291b37d9-dde1-425a-b2d7-980883ad6e15", "isDeleted:":"true", "version":"1735050945724"}}
{"logTime": "1227/142322", "correlationVector":"iZYlnEwM+tg0roXH26QUar.178","action":"GetUpdates", "result":"DeleteReceived", "context":{"id":"1f224787-baf8-4d65-a3b2-99d468a470ba", "isDeleted:":"true", "version":"1735057647006"}}
{"logTime": "1227/142322", "correlationVector":"iZYlnEwM+tg0roXH26QUar.179","action":"GetUpdates", "result":"DeleteReceived", "context":{"id":"90c96abf-57c6-4acb-9e03-6c143a3d4eca", "isDeleted:":"true", "version":"1735057647007"}}
{"logTime": "1227/142322", "correlationVector":"iZYlnEwM+tg0roXH26QUar.180","action":"GetUpdates", "result":"DeleteReceived", "context":{"id":"208617e8-5cc9-44ce-ba22-13874e0403e2", "isDeleted:":"true", "version":"1735057647010"}}
{"logTime": "1227/142322", "correlationVector":"iZYlnEwM+tg0roXH26QUar.181","action":"GetUpdates", "result":"DeleteReceived", "context":{"id":"5c8dfdae-0fc0-43a4-b5ba-b98305d70788", "isDeleted:":"true", "version":"1735058425315"}}
{"logTime": "1227/142322", "correlationVector":"iZYlnEwM+tg0roXH26QUar.182","action":"GetUpdates", "result":"DeleteReceived", "context":{"id":"5fab3843-73ed-40ce-900e-caafb0b52a3f", "isDeleted:":"true", "version":"1735058425317"}}
{"logTime": "1227/142322", "correlationVector":"iZYlnEwM+tg0roXH26QUar.183","action":"GetUpdates", "result":"DeleteReceived", "context":{"id":"f75b0cb8-0c8d-405d-913e-a03c37fc5273", "isDeleted:":"true", "version":"1735058915700"}}
{"logTime": "1227/142322", "correlationVector":"iZYlnEwM+tg0roXH26QUar.184","action":"GetUpdates", "result":"DeleteReceived", "context":{"id":"3fa9375d-9837-4266-a88e-db1d428d7422", "isDeleted:":"true", "version":"1735062648982"}}
{"logTime": "1227/142322", "correlationVector":"iZYlnEwM+tg0roXH26QUar.185","action":"GetUpdates", "result":"DeleteReceived", "context":{"id":"da6b4dec-32f6-452d-b8b3-1a9ff1e7824e", "isDeleted:":"true", "version":"1735068894446"}}
{"logTime": "1227/142322", "correlationVector":"iZYlnEwM+tg0roXH26QUar.186","action":"GetUpdates", "result":"DeleteReceived", "context":{"id":"edd445e5-c742-4f33-a56f-85cba268f9c8", "isDeleted:":"true", "version":"1735068931862"}}
{"logTime": "1227/142322", "correlationVector":"iZYlnEwM+tg0roXH26QUar.187","action":"GetUpdates", "result":"DeleteReceived", "context":{"id":"7b7583bc-cba9-46e0-af23-76c0bfaa41a2", "isDeleted:":"true", "version":"1735103750715"}}
{"logTime": "1227/142322", "correlationVector":"iZYlnEwM+tg0roXH26QUar.188","action":"GetUpdates", "result":"DeleteReceived", "context":{"id":"24895a6b-f1a7-43d5-9d70-8631e4d785d3", "isDeleted:":"true", "version":"1735103750716"}}
{"logTime": "1227/142322", "correlationVector":"iZYlnEwM+tg0roXH26QUar.189","action":"GetUpdates", "result":"DeleteReceived", "context":{"id":"32e40049-59d9-4fca-b87c-78fd4ec19eba", "isDeleted:":"true", "version":"1735103750717"}}
{"logTime": "1227/142322", "correlationVector":"iZYlnEwM+tg0roXH26QUar.190","action":"GetUpdates", "result":"DeleteReceived", "context":{"id":"83b90c06-4266-4b82-b9c8-5d4cf37711ad", "isDeleted:":"true", "version":"1735103750718"}}
{"logTime": "1227/142322", "correlationVector":"iZYlnEwM+tg0roXH26QUar.191","action":"GetUpdates", "result":"DeleteReceived", "context":{"id":"ff165948-fbe8-495f-b95d-fd5ac49b70e2", "isDeleted:":"true", "version":"1735103750719"}}
{"logTime": "1227/142322", "correlationVector":"iZYlnEwM+tg0roXH26QUar.192","action":"GetUpdates", "result":"DeleteReceived", "context":{"id":"257459a6-1109-4c5e-a199-020096fc47e8", "isDeleted:":"true", "version":"1735103750722"}}
{"logTime": "1227/142322", "correlationVector":"iZYlnEwM+tg0roXH26QUar.193","action":"GetUpdates", "result":"DeleteReceived", "context":{"id":"851fe2a5-32de-4cad-ab14-d1cf4a8b1eea", "isDeleted:":"true", "version":"1735103750723"}}
{"logTime": "1227/142322", "correlationVector":"iZYlnEwM+tg0roXH26QUar.194","action":"GetUpdates", "result":"DeleteReceived", "context":{"id":"978e52b0-111e-4fb5-8479-e099bf70e712", "isDeleted:":"true", "version":"1735103750724"}}
{"logTime": "1227/142322", "correlationVector":"iZYlnEwM+tg0roXH26QUar.195","action":"GetUpdates", "result":"DeleteReceived", "context":{"id":"27af2622-bebe-4346-9259-297f996bfc65", "isDeleted:":"true", "version":"1735103939793"}}
{"logTime": "1227/142322", "correlationVector":"iZYlnEwM+tg0roXH26QUar.196","action":"GetUpdates", "result":"DeleteReceived", "context":{"id":"1af9f54b-4642-4956-9745-e34dfd4b7bd2", "isDeleted:":"true", "version":"1735104410225"}}
{"logTime": "1227/142322", "correlationVector":"iZYlnEwM+tg0roXH26QUar.197","action":"GetUpdates", "result":"DeleteReceived", "context":{"id":"8fa28a63-06fd-4fac-b592-f230c9f64979", "isDeleted:":"true", "version":"1735104528614"}}
{"logTime": "1227/142322", "correlationVector":"iZYlnEwM+tg0roXH26QUar.198","action":"GetUpdates", "result":"DeleteReceived", "context":{"id":"b1acea0d-50ff-4d52-abfa-e4466c2a7930", "isDeleted:":"true", "version":"1735104528616"}}
{"logTime": "1227/142322", "correlationVector":"iZYlnEwM+tg0roXH26QUar.199","action":"GetUpdates", "result":"DeleteReceived", "context":{"id":"c500a7ab-eb56-4289-9ccf-248a1010c6c8", "isDeleted:":"true", "version":"1735109058307"}}
{"logTime": "1227/142322", "correlationVector":"iZYlnEwM+tg0roXH26QUar.200","action":"GetUpdates", "result":"DeleteReceived", "context":{"id":"c6c5f427-5443-4231-98b5-ce8a86a9c124", "isDeleted:":"true", "version":"1735109058308"}}
{"logTime": "1227/142322", "correlationVector":"iZYlnEwM+tg0roXH26QUar.201","action":"GetUpdates", "result":"DeleteReceived", "context":{"id":"978185b2-ebe5-4e1f-8d58-eee9aecc7ed1", "isDeleted:":"true", "version":"1735109058311"}}
{"logTime": "1227/142322", "correlationVector":"iZYlnEwM+tg0roXH26QUar.202","action":"GetUpdates", "result":"DeleteReceived", "context":{"id":"0701462e-ee71-403d-990d-f437dfe6f143", "isDeleted:":"true", "version":"1735111886745"}}
{"logTime": "1227/142322", "correlationVector":"iZYlnEwM+tg0roXH26QUar.203","action":"GetUpdates", "result":"DeleteReceived", "context":{"id":"9314c3f9-94d0-4a43-ba9d-2336d794a39e", "isDeleted:":"true", "version":"1735112388602"}}
{"logTime": "1227/142322", "correlationVector":"iZYlnEwM+tg0roXH26QUar.204","action":"GetUpdates", "result":"DeleteReceived", "context":{"id":"47065fdd-88a3-41c7-a93e-fce644ac9be1", "isDeleted:":"true", "version":"1735112410248"}}
{"logTime": "1227/142322", "correlationVector":"iZYlnEwM+tg0roXH26QUar.205","action":"GetUpdates", "result":"DeleteReceived", "context":{"id":"77849217-2470-4255-8d39-c754272c03a6", "isDeleted:":"true", "version":"1735112410249"}}
{"logTime": "1227/142322", "correlationVector":"iZYlnEwM+tg0roXH26QUar.206","action":"GetUpdates", "result":"DeleteReceived", "context":{"id":"11fffc91-3c19-46fd-b782-1a33886c2f99", "isDeleted:":"true", "version":"1735112632459"}}
{"logTime": "1227/142322", "correlationVector":"iZYlnEwM+tg0roXH26QUar.207","action":"GetUpdates", "result":"DeleteReceived", "context":{"id":"200196cd-9d8c-4e08-9f17-c8b10fade384", "isDeleted:":"true", "version":"1735113046544"}}
{"logTime": "1227/142322", "correlationVector":"iZYlnEwM+tg0roXH26QUar.208","action":"GetUpdates", "result":"DeleteReceived", "context":{"id":"cdb26be0-a675-41eb-8808-a93f2774c166", "isDeleted:":"true", "version":"1735113046545"}}
{"logTime": "1227/142322", "correlationVector":"iZYlnEwM+tg0roXH26QUar.209","action":"GetUpdates", "result":"DeleteReceived", "context":{"id":"5e2a54a4-3e3d-4c63-b993-e9ba258d1021", "isDeleted:":"true", "version":"1735113046547"}}
{"logTime": "1227/142322", "correlationVector":"iZYlnEwM+tg0roXH26QUar.210","action":"GetUpdates", "result":"DeleteReceived", "context":{"id":"0c135f6b-f1db-4fb4-b22a-415418981e93", "isDeleted:":"true", "version":"1735113428605"}}
{"logTime": "1227/142322", "correlationVector":"iZYlnEwM+tg0roXH26QUar.211","action":"GetUpdates", "result":"DeleteReceived", "context":{"id":"7ce39426-62f1-440c-81ae-f0bc4da2d071", "isDeleted:":"true", "version":"1735113428606"}}
{"logTime": "1227/142322", "correlationVector":"iZYlnEwM+tg0roXH26QUar.212","action":"GetUpdates", "result":"DeleteReceived", "context":{"id":"6696f036-acad-457e-9375-b6aac11a6d2e", "isDeleted:":"true", "version":"1735113428607"}}
{"logTime": "1227/142322", "correlationVector":"iZYlnEwM+tg0roXH26QUar.213","action":"GetUpdates", "result":"DeleteReceived", "context":{"id":"ac70c38b-7165-44ac-93c8-16eb604d6004", "isDeleted:":"true", "version":"1735113428609"}}
{"logTime": "1227/142322", "correlationVector":"iZYlnEwM+tg0roXH26QUar.214","action":"GetUpdates", "result":"DeleteReceived", "context":{"id":"886e8c98-659f-4b25-aca6-b08788891227", "isDeleted:":"true", "version":"1735113631891"}}
{"logTime": "1227/142322", "correlationVector":"iZYlnEwM+tg0roXH26QUar.215","action":"GetUpdates", "result":"DeleteReceived", "context":{"id":"fe910a26-30d0-4a80-9728-a5d4a92cb3be", "isDeleted:":"true", "version":"1735113859863"}}
{"logTime": "1227/142322", "correlationVector":"iZYlnEwM+tg0roXH26QUar.216","action":"GetUpdates", "result":"DeleteReceived", "context":{"id":"b870b0df-ac4d-470a-a4ff-be6ffa7095b4", "isDeleted:":"true", "version":"1735114082348"}}
{"logTime": "1227/142322", "correlationVector":"iZYlnEwM+tg0roXH26QUar.217","action":"GetUpdates", "result":"DeleteReceived", "context":{"id":"262721a8-83f9-4ffb-bf72-07d071d105f2", "isDeleted:":"true", "version":"1735114118275"}}
{"logTime": "1227/142322", "correlationVector":"iZYlnEwM+tg0roXH26QUar.218","action":"GetUpdates", "result":"DeleteReceived", "context":{"id":"be415762-3975-4642-bc29-874e9e597885", "isDeleted:":"true", "version":"1735114118276"}}
{"logTime": "1227/142322", "correlationVector":"iZYlnEwM+tg0roXH26QUar.219","action":"GetUpdates", "result":"DeleteReceived", "context":{"id":"709bd838-5b5b-4215-aeee-2f02f2ac3f76", "isDeleted:":"true", "version":"1735116171394"}}
{"logTime": "1227/142322", "correlationVector":"iZYlnEwM+tg0roXH26QUar.220","action":"GetUpdates", "result":"DeleteReceived", "context":{"id":"120fa246-d7dd-4564-b4a9-45aa23571a66", "isDeleted:":"true", "version":"1735127968435"}}
{"logTime": "1227/142322", "correlationVector":"iZYlnEwM+tg0roXH26QUar.221","action":"GetUpdates", "result":"DeleteReceived", "context":{"id":"bf675249-9426-4ca7-bd93-6dec65f8d90d", "isDeleted:":"true", "version":"1735005834672"}}
{"logTime": "1227/142322", "correlationVector":"iZYlnEwM+tg0roXH26QUar.222","action":"GetUpdates", "result":"DeleteReceived", "context":{"id":"398fac2c-e699-4a58-a51a-59f91904d403", "isDeleted:":"true", "version":"1735005834673"}}
{"logTime": "1227/142322", "correlationVector":"iZYlnEwM+tg0roXH26QUar.223","action":"GetUpdates", "result":"DeleteReceived", "context":{"id":"0420a6a1-5142-4650-8586-f2a99753abab", "isDeleted:":"true", "version":"1735005834674"}}
{"logTime": "1227/142322", "correlationVector":"iZYlnEwM+tg0roXH26QUar.224","action":"GetUpdates", "result":"DeleteReceived", "context":{"id":"4c94e1c4-7447-46e0-a6c3-0c97061b4954", "isDeleted:":"true", "version":"1735005834675"}}
{"logTime": "1227/142322", "correlationVector":"iZYlnEwM+tg0roXH26QUar.225","action":"GetUpdates Response", "result":"Success", "context":Received 250 update(s). cV=iZYlnEwM+tg0roXH26QUar.0;server=akswtt00300000j;cloudType=Consumer;environment=Prod_southeastasia_prod-s01-064-apac-southeastasia;migrationStage=NotStarted Some updates remain.}
{"logTime": "1227/142322", "correlationVector":"TFd3xWkJNxEiJKYxpvCyei","action":"Initial GetUpdates", "result":"", "context":Reason: NEWLY_SUPPORTED_DATATYPE. cV=TFd3xWkJNxEiJKYxpvCyei}
{"logTime": "1227/142323", "correlationVector":"TFd3xWkJNxEiJKYxpvCyei.1","action":"SyncServerConnectionManagerRequest", "result":"SYNC_SERVER_OK", "context":{"environment":"Prod_southeastasia_prod-s01-064-apac-southeastasia", "migrationStage":"NotStarted", "server":"akswtt00300002l"}}
{"logTime": "1227/142323", "correlationVector":"TFd3xWkJNxEiJKYxpvCyei.2","action":"GetUpdates", "result":"DeleteReceived", "context":{"id":"d47fe46c-f365-4168-a9c6-1a36feb283a6", "isDeleted:":"true", "version":"1735128072451"}}
{"logTime": "1227/142323", "correlationVector":"TFd3xWkJNxEiJKYxpvCyei.3","action":"GetUpdates", "result":"DeleteReceived", "context":{"id":"2799f713-e4e0-420f-a391-d75f7f3ade57", "isDeleted:":"true", "version":"1735128831752"}}
{"logTime": "1227/142323", "correlationVector":"TFd3xWkJNxEiJKYxpvCyei.4","action":"GetUpdates", "result":"DeleteReceived", "context":{"id":"3e6d5d12-e0a1-467f-a63d-0652f6796630", "isDeleted:":"true", "version":"1735131942156"}}
{"logTime": "1227/142323", "correlationVector":"TFd3xWkJNxEiJKYxpvCyei.5","action":"GetUpdates", "result":"DeleteReceived", "context":{"id":"e1e30397-71ae-40be-8881-b03ad3e58c8e", "isDeleted:":"true", "version":"1735131942158"}}
{"logTime": "1227/142323", "correlationVector":"TFd3xWkJNxEiJKYxpvCyei.6","action":"GetUpdates", "result":"DeleteReceived", "context":{"id":"28e3d7e5-ab18-4415-862b-b7a8fd0c2e75", "isDeleted:":"true", "version":"1735132728875"}}
{"logTime": "1227/142323", "correlationVector":"TFd3xWkJNxEiJKYxpvCyei.7","action":"GetUpdates", "result":"DeleteReceived", "context":{"id":"1a9eee57-dd6e-4d6e-88a3-446411d8dee7", "isDeleted:":"true", "version":"1735132762153"}}
{"logTime": "1227/142323", "correlationVector":"TFd3xWkJNxEiJKYxpvCyei.8","action":"GetUpdates", "result":"DeleteReceived", "context":{"id":"8c128bb4-c97b-46ad-b3b6-f67901e46100", "isDeleted:":"true", "version":"1735132807894"}}
{"logTime": "1227/142323", "correlationVector":"TFd3xWkJNxEiJKYxpvCyei.9","action":"GetUpdates", "result":"DeleteReceived", "context":{"id":"fcf7af5b-c116-49cc-994c-277fa6ed31ca", "isDeleted:":"true", "version":"1735132844488"}}
{"logTime": "1227/142323", "correlationVector":"TFd3xWkJNxEiJKYxpvCyei.10","action":"GetUpdates", "result":"DeleteReceived", "context":{"id":"0e0729d0-4210-4223-8877-c219b97ac359", "isDeleted:":"true", "version":"1735135724936"}}
{"logTime": "1227/142323", "correlationVector":"TFd3xWkJNxEiJKYxpvCyei.11","action":"GetUpdates", "result":"DeleteReceived", "context":{"id":"5970348d-5ac7-46aa-9397-5317d7b4092f", "isDeleted:":"true", "version":"1735137688761"}}
{"logTime": "1227/142323", "correlationVector":"TFd3xWkJNxEiJKYxpvCyei.12","action":"GetUpdates", "result":"DeleteReceived", "context":{"id":"ecf71336-a82a-42eb-910b-ac8ea3b8c743", "isDeleted:":"true", "version":"1735137822910"}}
{"logTime": "1227/142323", "correlationVector":"TFd3xWkJNxEiJKYxpvCyei.13","action":"GetUpdates", "result":"DeleteReceived", "context":{"id":"ca64e9e4-68fa-451e-aa9c-28fea6d64a04", "isDeleted:":"true", "version":"1735137891615"}}
{"logTime": "1227/142323", "correlationVector":"TFd3xWkJNxEiJKYxpvCyei.14","action":"GetUpdates", "result":"DeleteReceived", "context":{"id":"f785362b-2c8e-4445-9191-1b4f2a2b8741", "isDeleted:":"true", "version":"1735137891616"}}
{"logTime": "1227/142323", "correlationVector":"TFd3xWkJNxEiJKYxpvCyei.15","action":"GetUpdates", "result":"DeleteReceived", "context":{"id":"d44bb21a-0056-4ccb-8df8-1fd0bd7e151b", "isDeleted:":"true", "version":"1735139312323"}}
{"logTime": "1227/142323", "correlationVector":"TFd3xWkJNxEiJKYxpvCyei.16","action":"GetUpdates", "result":"DeleteReceived", "context":{"id":"14004bdf-6780-4137-947d-06718f2f08b0", "isDeleted:":"true", "version":"1735139312325"}}
{"logTime": "1227/142323", "correlationVector":"TFd3xWkJNxEiJKYxpvCyei.17","action":"GetUpdates", "result":"DeleteReceived", "context":{"id":"fde62257-e893-4aad-9fae-b5d8d049dcf1", "isDeleted:":"true", "version":"1735139401565"}}
{"logTime": "1227/142323", "correlationVector":"TFd3xWkJNxEiJKYxpvCyei.18","action":"GetUpdates", "result":"DeleteReceived", "context":{"id":"41a0079f-4b8e-4e27-8f1f-f7d2df572316", "isDeleted:":"true", "version":"1735139432157"}}
{"logTime": "1227/142323", "correlationVector":"TFd3xWkJNxEiJKYxpvCyei.19","action":"GetUpdates", "result":"DeleteReceived", "context":{"id":"32c65971-0fdd-4bb7-a414-9bcb9b1e9712", "isDeleted:":"true", "version":"1735141228812"}}
{"logTime": "1227/142323", "correlationVector":"TFd3xWkJNxEiJKYxpvCyei.20","action":"GetUpdates", "result":"DeleteReceived", "context":{"id":"2ad2619c-e5c4-4276-8d6e-a7d7dd7dee65", "isDeleted:":"true", "version":"1735142973125"}}
{"logTime": "1227/142323", "correlationVector":"TFd3xWkJNxEiJKYxpvCyei.21","action":"GetUpdates", "result":"DeleteReceived", "context":{"id":"d5eba757-72a3-43de-b0df-dcb52ea6929b", "isDeleted:":"true", "version":"1735146134083"}}
{"logTime": "1227/142323", "correlationVector":"TFd3xWkJNxEiJKYxpvCyei.22","action":"GetUpdates", "result":"DeleteReceived", "context":{"id":"2001b9fa-8281-4c91-ac1c-d44612545004", "isDeleted:":"true", "version":"1735146134085"}}
{"logTime": "1227/142323", "correlationVector":"TFd3xWkJNxEiJKYxpvCyei.23","action":"GetUpdates", "result":"DeleteReceived", "context":{"id":"34e92de5-cdd8-4d2c-acb2-86ea99899bae", "isDeleted:":"true", "version":"1735146134090"}}
{"logTime": "1227/142323", "correlationVector":"TFd3xWkJNxEiJKYxpvCyei.24","action":"GetUpdates", "result":"DeleteReceived", "context":{"id":"992c8f87-3d00-47f6-a282-d24cb6fb69c7", "isDeleted:":"true", "version":"1735146253728"}}
{"logTime": "1227/142323", "correlationVector":"TFd3xWkJNxEiJKYxpvCyei.25","action":"GetUpdates", "result":"DeleteReceived", "context":{"id":"ffae15a2-f796-4d3f-b8ca-6789b512a293", "isDeleted:":"true", "version":"1735147156099"}}
{"logTime": "1227/142323", "correlationVector":"TFd3xWkJNxEiJKYxpvCyei.26","action":"GetUpdates", "result":"DeleteReceived", "context":{"id":"0d45a70a-8fdb-4920-8a5b-d0525a1eee95", "isDeleted:":"true", "version":"1735147227503"}}
{"logTime": "1227/142323", "correlationVector":"TFd3xWkJNxEiJKYxpvCyei.27","action":"GetUpdates", "result":"DeleteReceived", "context":{"id":"85d1d746-cd52-42dc-9284-e25902c011b0", "isDeleted:":"true", "version":"1735148389355"}}
{"logTime": "1227/142323", "correlationVector":"TFd3xWkJNxEiJKYxpvCyei.28","action":"GetUpdates", "result":"DeleteReceived", "context":{"id":"dccb76e7-4acb-4f98-bdfd-e537d36f6f6b", "isDeleted:":"true", "version":"1735149165744"}}
{"logTime": "1227/142323", "correlationVector":"TFd3xWkJNxEiJKYxpvCyei.29","action":"GetUpdates", "result":"DeleteReceived", "context":{"id":"eb1cb379-0076-44eb-aae7-5f557c8a941c", "isDeleted:":"true", "version":"1735149165752"}}
{"logTime": "1227/142323", "correlationVector":"TFd3xWkJNxEiJKYxpvCyei.30","action":"GetUpdates", "result":"DeleteReceived", "context":{"id":"0200dc29-0c97-48eb-9bdf-32c679f0d2dd", "isDeleted:":"true", "version":"1735149205625"}}
{"logTime": "1227/142323", "correlationVector":"TFd3xWkJNxEiJKYxpvCyei.31","action":"GetUpdates", "result":"DeleteReceived", "context":{"id":"edf16852-dce4-43f1-b350-0ea12a5e6477", "isDeleted:":"true", "version":"1735149205627"}}
{"logTime": "1227/142323", "correlationVector":"TFd3xWkJNxEiJKYxpvCyei.32","action":"GetUpdates", "result":"DeleteReceived", "context":{"id":"0ed98c16-589b-4179-b90e-edb9a9239bc0", "isDeleted:":"true", "version":"1735149205628"}}
{"logTime": "1227/142323", "correlationVector":"TFd3xWkJNxEiJKYxpvCyei.33","action":"GetUpdates", "result":"DeleteReceived", "context":{"id":"d3cb5baf-c303-41fb-99b0-8739fe11231f", "isDeleted:":"true", "version":"1735149205629"}}
{"logTime": "1227/142323", "correlationVector":"TFd3xWkJNxEiJKYxpvCyei.34","action":"GetUpdates", "result":"DeleteReceived", "context":{"id":"bccda330-1bdb-4429-8533-c8f4e2844612", "isDeleted:":"true", "version":"1735149205630"}}
{"logTime": "1227/142323", "correlationVector":"TFd3xWkJNxEiJKYxpvCyei.35","action":"GetUpdates", "result":"DeleteReceived", "context":{"id":"d5129ff7-8386-43c9-b4ab-904893b83f8c", "isDeleted:":"true", "version":"1735149205631"}}
{"logTime": "1227/142323", "correlationVector":"TFd3xWkJNxEiJKYxpvCyei.36","action":"GetUpdates", "result":"DeleteReceived", "context":{"id":"bf62a40b-f3da-4aad-9e3a-66c80d9a38be", "isDeleted:":"true", "version":"1735149297687"}}
{"logTime": "1227/142323", "correlationVector":"TFd3xWkJNxEiJKYxpvCyei.37","action":"GetUpdates", "result":"DeleteReceived", "context":{"id":"d5033365-9b49-44ec-a73c-76fd7ece1200", "isDeleted:":"true", "version":"1735149355729"}}
{"logTime": "1227/142323", "correlationVector":"TFd3xWkJNxEiJKYxpvCyei.38","action":"GetUpdates", "result":"DeleteReceived", "context":{"id":"bba9b537-706d-49c2-96a8-830e70706575", "isDeleted:":"true", "version":"1735150530132"}}
{"logTime": "1227/142323", "correlationVector":"TFd3xWkJNxEiJKYxpvCyei.39","action":"GetUpdates", "result":"DeleteReceived", "context":{"id":"0f4724d1-c9ba-4bfe-862d-0d33419c9be4", "isDeleted:":"true", "version":"1735151860485"}}
{"logTime": "1227/142323", "correlationVector":"TFd3xWkJNxEiJKYxpvCyei.40","action":"GetUpdates", "result":"DeleteReceived", "context":{"id":"ac3bb084-6603-457a-919f-021a633babed", "isDeleted:":"true", "version":"1735151860486"}}
{"logTime": "1227/142323", "correlationVector":"TFd3xWkJNxEiJKYxpvCyei.41","action":"GetUpdates", "result":"DeleteReceived", "context":{"id":"551809a2-a135-4a31-9be3-fc4046a4e7a0", "isDeleted:":"true", "version":"1735153157616"}}
{"logTime": "1227/142323", "correlationVector":"TFd3xWkJNxEiJKYxpvCyei.42","action":"GetUpdates", "result":"DeleteReceived", "context":{"id":"2f577c3c-6bcc-42c8-96b9-72a8a0c66760", "isDeleted:":"true", "version":"1735153157617"}}
{"logTime": "1227/142323", "correlationVector":"TFd3xWkJNxEiJKYxpvCyei.43","action":"GetUpdates", "result":"DeleteReceived", "context":{"id":"4863b744-9b27-4dcc-9143-946ea7fcdc4d", "isDeleted:":"true", "version":"1735185032535"}}
{"logTime": "1227/142323", "correlationVector":"TFd3xWkJNxEiJKYxpvCyei.44","action":"GetUpdates", "result":"DeleteReceived", "context":{"id":"650d239e-c41c-4278-b7f5-5a47554938c2", "isDeleted:":"true", "version":"1735185032536"}}
{"logTime": "1227/142323", "correlationVector":"TFd3xWkJNxEiJKYxpvCyei.45","action":"GetUpdates", "result":"DeleteReceived", "context":{"id":"43e96ec3-8ca8-4243-8b46-89dc47eb1770", "isDeleted:":"true", "version":"1735185032537"}}
{"logTime": "1227/142323", "correlationVector":"TFd3xWkJNxEiJKYxpvCyei.46","action":"GetUpdates", "result":"DeleteReceived", "context":{"id":"c2a1f338-8b00-4c8e-99e8-41528ff138f1", "isDeleted:":"true", "version":"1735185032540"}}
{"logTime": "1227/142323", "correlationVector":"TFd3xWkJNxEiJKYxpvCyei.47","action":"GetUpdates", "result":"DeleteReceived", "context":{"id":"5caa0b64-457d-419a-87d6-3efb5a8bf4bd", "isDeleted:":"true", "version":"1735185032541"}}
{"logTime": "1227/142323", "correlationVector":"TFd3xWkJNxEiJKYxpvCyei.48","action":"GetUpdates", "result":"DeleteReceived", "context":{"id":"cc519c3e-fc7d-4260-b456-cf5ff834bff6", "isDeleted:":"true", "version":"1735186729955"}}
{"logTime": "1227/142323", "correlationVector":"TFd3xWkJNxEiJKYxpvCyei.49","action":"GetUpdates", "result":"DeleteReceived", "context":{"id":"461f8b8f-1ec4-40b3-8c97-5a4b04d4f319", "isDeleted:":"true", "version":"1735188441912"}}
{"logTime": "1227/142323", "correlationVector":"TFd3xWkJNxEiJKYxpvCyei.50","action":"GetUpdates", "result":"DeleteReceived", "context":{"id":"0a593165-944d-465d-9865-a1924af7068d", "isDeleted:":"true", "version":"1735189826192"}}
{"logTime": "1227/142323", "correlationVector":"TFd3xWkJNxEiJKYxpvCyei.51","action":"GetUpdates", "result":"DeleteReceived", "context":{"id":"3f3126fe-0dfc-4c59-a6a1-72503111716a", "isDeleted:":"true", "version":"1735190604449"}}
{"logTime": "1227/142323", "correlationVector":"TFd3xWkJNxEiJKYxpvCyei.52","action":"GetUpdates", "result":"DeleteReceived", "context":{"id":"57e7c713-976a-4389-9113-0a8846abf759", "isDeleted:":"true", "version":"1735191444898"}}
{"logTime": "1227/142323", "correlationVector":"TFd3xWkJNxEiJKYxpvCyei.53","action":"GetUpdates", "result":"DeleteReceived", "context":{"id":"ff8506dc-5584-42be-8cbf-73391319e597", "isDeleted:":"true", "version":"1735192816952"}}
{"logTime": "1227/142323", "correlationVector":"TFd3xWkJNxEiJKYxpvCyei.54","action":"GetUpdates", "result":"DeleteReceived", "context":{"id":"ebe1dea7-f513-4722-8d0a-021d4e4bbf6b", "isDeleted:":"true", "version":"1735194168752"}}
{"logTime": "1227/142323", "correlationVector":"TFd3xWkJNxEiJKYxpvCyei.55","action":"GetUpdates", "result":"DeleteReceived", "context":{"id":"e5f6f5ce-c856-48dc-be9f-6d6c9e6d6705", "isDeleted:":"true", "version":"1735195814171"}}
{"logTime": "1227/142323", "correlationVector":"TFd3xWkJNxEiJKYxpvCyei.56","action":"GetUpdates", "result":"DeleteReceived", "context":{"id":"dd0c8632-8ee8-40ff-b73d-8cb7ffe7b6c6", "isDeleted:":"true", "version":"1735195814172"}}
{"logTime": "1227/142323", "correlationVector":"TFd3xWkJNxEiJKYxpvCyei.57","action":"GetUpdates", "result":"DeleteReceived", "context":{"id":"e1f80145-2c7c-4767-a901-4420008fe45e", "isDeleted:":"true", "version":"1735195814174"}}
{"logTime": "1227/142323", "correlationVector":"TFd3xWkJNxEiJKYxpvCyei.58","action":"GetUpdates", "result":"DeleteReceived", "context":{"id":"f87959d1-9d5c-40db-9c45-b3b09ca84ced", "isDeleted:":"true", "version":"1735196066674"}}
{"logTime": "1227/142323", "correlationVector":"TFd3xWkJNxEiJKYxpvCyei.59","action":"GetUpdates", "result":"DeleteReceived", "context":{"id":"25e45808-0efc-4de2-95cf-a0926efb573a", "isDeleted:":"true", "version":"1735196114341"}}
{"logTime": "1227/142323", "correlationVector":"TFd3xWkJNxEiJKYxpvCyei.60","action":"GetUpdates", "result":"DeleteReceived", "context":{"id":"46a1cff3-53ec-4e30-9482-21171e78afaa", "isDeleted:":"true", "version":"1735196277580"}}
{"logTime": "1227/142323", "correlationVector":"TFd3xWkJNxEiJKYxpvCyei.61","action":"GetUpdates", "result":"DeleteReceived", "context":{"id":"73e4c89a-9f5c-4e49-b63f-3f6a8350a5d7", "isDeleted:":"true", "version":"1735196436703"}}
{"logTime": "1227/142323", "correlationVector":"TFd3xWkJNxEiJKYxpvCyei.62","action":"GetUpdates", "result":"DeleteReceived", "context":{"id":"8292fdc4-a79a-4313-b980-be4bf102bc25", "isDeleted:":"true", "version":"1735196577437"}}
{"logTime": "1227/142323", "correlationVector":"TFd3xWkJNxEiJKYxpvCyei.63","action":"GetUpdates", "result":"DeleteReceived", "context":{"id":"14377342-4408-4e2e-9114-4d71447cffe6", "isDeleted:":"true", "version":"1735196983074"}}
{"logTime": "1227/142323", "correlationVector":"TFd3xWkJNxEiJKYxpvCyei.64","action":"GetUpdates", "result":"DeleteReceived", "context":{"id":"6c75e72f-e05b-4ba0-8e59-f79bc975aeae", "isDeleted:":"true", "version":"1735197054885"}}
{"logTime": "1227/142323", "correlationVector":"TFd3xWkJNxEiJKYxpvCyei.65","action":"GetUpdates", "result":"DeleteReceived", "context":{"id":"db822203-9620-41be-9817-c2cb9cd3b91c", "isDeleted:":"true", "version":"1735197372251"}}
{"logTime": "1227/142323", "correlationVector":"TFd3xWkJNxEiJKYxpvCyei.66","action":"GetUpdates", "result":"DeleteReceived", "context":{"id":"7fea5589-20a4-4236-93aa-d62c0c193eac", "isDeleted:":"true", "version":"1735197800670"}}
{"logTime": "1227/142323", "correlationVector":"TFd3xWkJNxEiJKYxpvCyei.67","action":"GetUpdates", "result":"DeleteReceived", "context":{"id":"660cae5f-801d-4fb3-86f3-6bfa70333c81", "isDeleted:":"true", "version":"1735197862389"}}
{"logTime": "1227/142323", "correlationVector":"TFd3xWkJNxEiJKYxpvCyei.68","action":"GetUpdates", "result":"DeleteReceived", "context":{"id":"777c91d8-7af8-4aab-bde2-cd469d428bef", "isDeleted:":"true", "version":"1735198469265"}}
{"logTime": "1227/142323", "correlationVector":"TFd3xWkJNxEiJKYxpvCyei.69","action":"GetUpdates", "result":"DeleteReceived", "context":{"id":"e041a176-75e6-462a-ad7f-9b4d6c1a6956", "isDeleted:":"true", "version":"1735198883725"}}
{"logTime": "1227/142323", "correlationVector":"TFd3xWkJNxEiJKYxpvCyei.70","action":"GetUpdates", "result":"DeleteReceived", "context":{"id":"3896a10d-7495-413e-9c7d-319e2f871b8d", "isDeleted:":"true", "version":"1735199385213"}}
{"logTime": "1227/142323", "correlationVector":"TFd3xWkJNxEiJKYxpvCyei.71","action":"GetUpdates", "result":"DeleteReceived", "context":{"id":"2e5e7381-c0f3-4bf7-8db5-ad6928d8a038", "isDeleted:":"true", "version":"1735199784444"}}
{"logTime": "1227/142323", "correlationVector":"TFd3xWkJNxEiJKYxpvCyei.72","action":"GetUpdates", "result":"DeleteReceived", "context":{"id":"50f27acb-e322-46e0-ba72-2eb5da199ee3", "isDeleted:":"true", "version":"1735201124135"}}
{"logTime": "1227/142323", "correlationVector":"TFd3xWkJNxEiJKYxpvCyei.73","action":"GetUpdates", "result":"DeleteReceived", "context":{"id":"5cb62e31-ee35-4ea5-875a-e59e7fb86afd", "isDeleted:":"true", "version":"1735201124137"}}
{"logTime": "1227/142323", "correlationVector":"TFd3xWkJNxEiJKYxpvCyei.74","action":"GetUpdates", "result":"DeleteReceived", "context":{"id":"0edaa039-3ae4-468d-b76c-eeb31fddc26f", "isDeleted:":"true", "version":"1735201124138"}}
{"logTime": "1227/142323", "correlationVector":"TFd3xWkJNxEiJKYxpvCyei.75","action":"GetUpdates", "result":"DeleteReceived", "context":{"id":"64fb6893-244b-4732-a02d-2ce040b434bf", "isDeleted:":"true", "version":"1735201660528"}}
{"logTime": "1227/142323", "correlationVector":"TFd3xWkJNxEiJKYxpvCyei.76","action":"GetUpdates", "result":"DeleteReceived", "context":{"id":"77789bb6-e6b0-42ba-8c96-80f0a55f5902", "isDeleted:":"true", "version":"1735202062111"}}
{"logTime": "1227/142323", "correlationVector":"TFd3xWkJNxEiJKYxpvCyei.77","action":"GetUpdates", "result":"DeleteReceived", "context":{"id":"0cc6e840-ac9d-4a91-986d-8c0837d65f2b", "isDeleted:":"true", "version":"1735202147464"}}
{"logTime": "1227/142323", "correlationVector":"TFd3xWkJNxEiJKYxpvCyei.78","action":"GetUpdates", "result":"DeleteReceived", "context":{"id":"7b8380d6-b6d9-4f36-b2e1-40626554507e", "isDeleted:":"true", "version":"1735202435450"}}
{"logTime": "1227/142323", "correlationVector":"TFd3xWkJNxEiJKYxpvCyei.79","action":"GetUpdates", "result":"DeleteReceived", "context":{"id":"1b3167ca-425d-40e8-b992-e11e7c3eaa17", "isDeleted:":"true", "version":"1735202435451"}}
{"logTime": "1227/142323", "correlationVector":"TFd3xWkJNxEiJKYxpvCyei.80","action":"GetUpdates", "result":"DeleteReceived", "context":{"id":"6dc8bff9-9b88-4729-b3af-67d4e4badd04", "isDeleted:":"true", "version":"1735202471750"}}
{"logTime": "1227/142323", "correlationVector":"TFd3xWkJNxEiJKYxpvCyei.81","action":"GetUpdates", "result":"DeleteReceived", "context":{"id":"f4e4896c-46be-4fb0-953c-ca14ca9ed55f", "isDeleted:":"true", "version":"1735202471751"}}
{"logTime": "1227/142323", "correlationVector":"TFd3xWkJNxEiJKYxpvCyei.82","action":"GetUpdates", "result":"DeleteReceived", "context":{"id":"79bb0fdf-955b-478d-9bc9-8037e841b171", "isDeleted:":"true", "version":"1735202947061"}}
{"logTime": "1227/142323", "correlationVector":"TFd3xWkJNxEiJKYxpvCyei.83","action":"GetUpdates", "result":"DeleteReceived", "context":{"id":"213cb54d-9483-42a3-9627-dc7e0397c54b", "isDeleted:":"true", "version":"1735203052708"}}
{"logTime": "1227/142323", "correlationVector":"TFd3xWkJNxEiJKYxpvCyei.84","action":"GetUpdates", "result":"DeleteReceived", "context":{"id":"d1da1035-f1a3-4f25-87fd-a2342fe7cdd8", "isDeleted:":"true", "version":"1735203052710"}}
{"logTime": "1227/142323", "correlationVector":"TFd3xWkJNxEiJKYxpvCyei.85","action":"GetUpdates", "result":"DeleteReceived", "context":{"id":"6e40d0cf-f20f-4a20-b459-11bb517cbd5a", "isDeleted:":"true", "version":"1735204372059"}}
{"logTime": "1227/142323", "correlationVector":"TFd3xWkJNxEiJKYxpvCyei.86","action":"GetUpdates", "result":"DeleteReceived", "context":{"id":"d1a8bc4b-387f-43a8-b965-6c01e9bd7e7d", "isDeleted:":"true", "version":"1735204690482"}}
{"logTime": "1227/142323", "correlationVector":"TFd3xWkJNxEiJKYxpvCyei.87","action":"GetUpdates", "result":"DeleteReceived", "context":{"id":"539528e3-5885-469d-993b-9435f99488d2", "isDeleted:":"true", "version":"1735204937459"}}
{"logTime": "1227/142323", "correlationVector":"TFd3xWkJNxEiJKYxpvCyei.88","action":"GetUpdates", "result":"DeleteReceived", "context":{"id":"b28e4e7f-bb41-4572-8c46-1c073948867f", "isDeleted:":"true", "version":"1735204967897"}}
{"logTime": "1227/142323", "correlationVector":"TFd3xWkJNxEiJKYxpvCyei.89","action":"GetUpdates", "result":"DeleteReceived", "context":{"id":"5baf5bb0-a446-430a-81e0-646fa8f268bc", "isDeleted:":"true", "version":"1735204967898"}}
{"logTime": "1227/142323", "correlationVector":"TFd3xWkJNxEiJKYxpvCyei.90","action":"GetUpdates", "result":"DeleteReceived", "context":{"id":"5aafe920-aa4d-4f6f-81b1-78ad11748567", "isDeleted:":"true", "version":"1735204967899"}}
{"logTime": "1227/142323", "correlationVector":"TFd3xWkJNxEiJKYxpvCyei.91","action":"GetUpdates", "result":"DeleteReceived", "context":{"id":"fd06023f-0fbb-45b2-b34f-5b35da0ce7fa", "isDeleted:":"true", "version":"1735205340338"}}
{"logTime": "1227/142323", "correlationVector":"TFd3xWkJNxEiJKYxpvCyei.92","action":"GetUpdates", "result":"DeleteReceived", "context":{"id":"df1eccd8-b9f9-437b-b44c-65f5b64fd8b7", "isDeleted:":"true", "version":"1735205556585"}}
{"logTime": "1227/142323", "correlationVector":"TFd3xWkJNxEiJKYxpvCyei.93","action":"GetUpdates", "result":"DeleteReceived", "context":{"id":"744033f6-ad82-4ddf-8153-d1ef474baa39", "isDeleted:":"true", "version":"1735205761571"}}
{"logTime": "1227/142323", "correlationVector":"TFd3xWkJNxEiJKYxpvCyei.94","action":"GetUpdates", "result":"DeleteReceived", "context":{"id":"6d67810f-407c-4ee7-a378-0cfeb1e22a50", "isDeleted:":"true", "version":"1735205807719"}}
{"logTime": "1227/142323", "correlationVector":"TFd3xWkJNxEiJKYxpvCyei.95","action":"GetUpdates", "result":"DeleteReceived", "context":{"id":"efe3113e-2391-440d-803b-cc2c3ec0111a", "isDeleted:":"true", "version":"1735205807720"}}
{"logTime": "1227/142323", "correlationVector":"TFd3xWkJNxEiJKYxpvCyei.96","action":"GetUpdates", "result":"DeleteReceived", "context":{"id":"e0191800-4261-40ab-b0c4-5d0277a3080d", "isDeleted:":"true", "version":"1735205807721"}}
{"logTime": "1227/142323", "correlationVector":"TFd3xWkJNxEiJKYxpvCyei.97","action":"GetUpdates", "result":"DeleteReceived", "context":{"id":"aaf6e432-2e99-4c30-90f0-fe0c3173d0da", "isDeleted:":"true", "version":"1735206171437"}}
{"logTime": "1227/142323", "correlationVector":"TFd3xWkJNxEiJKYxpvCyei.98","action":"GetUpdates", "result":"DeleteReceived", "context":{"id":"6678a6f4-7e7a-414f-8471-dae9e5cc69b7", "isDeleted:":"true", "version":"1735206171438"}}
{"logTime": "1227/142323", "correlationVector":"TFd3xWkJNxEiJKYxpvCyei.99","action":"GetUpdates", "result":"DeleteReceived", "context":{"id":"ff15fb45-a03b-4bb7-ad15-8e677729c66f", "isDeleted:":"true", "version":"1735206171440"}}
{"logTime": "1227/142323", "correlationVector":"TFd3xWkJNxEiJKYxpvCyei.100","action":"GetUpdates", "result":"DeleteReceived", "context":{"id":"0afabeff-537f-4c46-b24c-c1b4233810e9", "isDeleted:":"true", "version":"1735206242849"}}
{"logTime": "1227/142323", "correlationVector":"TFd3xWkJNxEiJKYxpvCyei.101","action":"GetUpdates", "result":"DeleteReceived", "context":{"id":"2c77a440-e2bc-488f-9471-2c7b4ae3bc37", "isDeleted:":"true", "version":"1735211211512"}}
{"logTime": "1227/142323", "correlationVector":"TFd3xWkJNxEiJKYxpvCyei.102","action":"GetUpdates", "result":"DeleteReceived", "context":{"id":"82ea439e-7960-48ec-9855-0f0c5be772d1", "isDeleted:":"true", "version":"1735211211513"}}
{"logTime": "1227/142323", "correlationVector":"TFd3xWkJNxEiJKYxpvCyei.103","action":"GetUpdates", "result":"DeleteReceived", "context":{"id":"80d94bb0-e393-4334-9c6e-9807e8600808", "isDeleted:":"true", "version":"1735211211514"}}
{"logTime": "1227/142323", "correlationVector":"TFd3xWkJNxEiJKYxpvCyei.104","action":"GetUpdates", "result":"DeleteReceived", "context":{"id":"9bb2912d-1b26-4b40-b75b-40e02e533223", "isDeleted:":"true", "version":"1735211211515"}}
{"logTime": "1227/142323", "correlationVector":"TFd3xWkJNxEiJKYxpvCyei.105","action":"GetUpdates", "result":"DeleteReceived", "context":{"id":"7a6506eb-578b-48b7-94f1-5bd16b059908", "isDeleted:":"true", "version":"1735211211516"}}
{"logTime": "1227/142323", "correlationVector":"TFd3xWkJNxEiJKYxpvCyei.106","action":"GetUpdates", "result":"DeleteReceived", "context":{"id":"cba2a7e8-b79f-48bc-9bd2-b4e791f4abfb", "isDeleted:":"true", "version":"1735211211518"}}
{"logTime": "1227/142323", "correlationVector":"TFd3xWkJNxEiJKYxpvCyei.107","action":"GetUpdates", "result":"DeleteReceived", "context":{"id":"fcfa6101-1a0c-4145-b7f6-32a455f0a38a", "isDeleted:":"true", "version":"1735211211519"}}
{"logTime": "1227/142323", "correlationVector":"TFd3xWkJNxEiJKYxpvCyei.108","action":"GetUpdates", "result":"DeleteReceived", "context":{"id":"22a5f973-da84-4d8f-accd-467b21008e88", "isDeleted:":"true", "version":"1735211324831"}}
{"logTime": "1227/142323", "correlationVector":"TFd3xWkJNxEiJKYxpvCyei.109","action":"GetUpdates", "result":"DeleteReceived", "context":{"id":"0e42e228-0b20-4b1e-8a14-4bdbfcdf7fc6", "isDeleted:":"true", "version":"1735213000971"}}
{"logTime": "1227/142323", "correlationVector":"TFd3xWkJNxEiJKYxpvCyei.110","action":"GetUpdates", "result":"DeleteReceived", "context":{"id":"cda01abb-e453-4df3-8558-bfae7e03161d", "isDeleted:":"true", "version":"1735214335394"}}
{"logTime": "1227/142323", "correlationVector":"TFd3xWkJNxEiJKYxpvCyei.111","action":"GetUpdates", "result":"DeleteReceived", "context":{"id":"acb53b91-1de7-4540-b860-7d49f2552ce3", "isDeleted:":"true", "version":"1735215619307"}}
{"logTime": "1227/142323", "correlationVector":"TFd3xWkJNxEiJKYxpvCyei.112","action":"GetUpdates", "result":"DeleteReceived", "context":{"id":"c643711b-62b9-413b-86ad-5484fcf85cb3", "isDeleted:":"true", "version":"1735217178508"}}
{"logTime": "1227/142323", "correlationVector":"TFd3xWkJNxEiJKYxpvCyei.113","action":"GetUpdates", "result":"DeleteReceived", "context":{"id":"57221186-d32d-4d82-88ec-453da4d63fb5", "isDeleted:":"true", "version":"1735222633543"}}
{"logTime": "1227/142323", "correlationVector":"TFd3xWkJNxEiJKYxpvCyei.114","action":"GetUpdates", "result":"DeleteReceived", "context":{"id":"a3c07443-8f7a-4840-84ee-1f47799285bf", "isDeleted:":"true", "version":"1735225018668"}}
{"logTime": "1227/142323", "correlationVector":"TFd3xWkJNxEiJKYxpvCyei.115","action":"GetUpdates", "result":"DeleteReceived", "context":{"id":"d74db64b-738e-4e49-82a2-c7ed87f33ff1", "isDeleted:":"true", "version":"1735225096179"}}
{"logTime": "1227/142323", "correlationVector":"TFd3xWkJNxEiJKYxpvCyei.116","action":"GetUpdates", "result":"DeleteReceived", "context":{"id":"4be7b6cc-793f-4862-8f00-af7fa4720316", "isDeleted:":"true", "version":"1735226360177"}}
{"logTime": "1227/142323", "correlationVector":"TFd3xWkJNxEiJKYxpvCyei.117","action":"GetUpdates", "result":"DeleteReceived", "context":{"id":"6a5f8e3a-a5a1-49d1-aee1-f4d2c98cd4a5", "isDeleted:":"true", "version":"1735258763729"}}
{"logTime": "1227/142323", "correlationVector":"TFd3xWkJNxEiJKYxpvCyei.118","action":"GetUpdates", "result":"DeleteReceived", "context":{"id":"335799b6-a7ed-4adc-bb13-26c934a7a075", "isDeleted:":"true", "version":"1735264503771"}}
{"logTime": "1227/142323", "correlationVector":"TFd3xWkJNxEiJKYxpvCyei.119","action":"GetUpdates", "result":"DeleteReceived", "context":{"id":"c59b8358-aef7-4568-a0bc-b9b99d07eeed", "isDeleted:":"true", "version":"1735264503774"}}
{"logTime": "1227/142323", "correlationVector":"TFd3xWkJNxEiJKYxpvCyei.120","action":"GetUpdates", "result":"DeleteReceived", "context":{"id":"fbb6bba4-917f-4f19-8356-2afe39cb613b", "isDeleted:":"true", "version":"1735264882295"}}
{"logTime": "1227/142323", "correlationVector":"TFd3xWkJNxEiJKYxpvCyei.121","action":"GetUpdates", "result":"DeleteReceived", "context":{"id":"de173087-2d98-4d24-a847-e8b50c1851f6", "isDeleted:":"true", "version":"1735270119992"}}
{"logTime": "1227/142323", "correlationVector":"TFd3xWkJNxEiJKYxpvCyei.122","action":"GetUpdates", "result":"DeleteReceived", "context":{"id":"cae3f522-1d94-4de3-9fb6-00dc42621280", "isDeleted:":"true", "version":"1735279435446"}}
{"logTime": "1227/142323", "correlationVector":"TFd3xWkJNxEiJKYxpvCyei.123","action":"GetUpdates", "result":"DeleteReceived", "context":{"id":"74c5d02f-5ca6-4ca7-ad1b-58061a6af85d", "isDeleted:":"true", "version":"1735279647033"}}
{"logTime": "1227/142323", "correlationVector":"TFd3xWkJNxEiJKYxpvCyei.124","action":"GetUpdates", "result":"DeleteReceived", "context":{"id":"e62d1193-8fdb-4d57-ada6-de85acc6bfa4", "isDeleted:":"true", "version":"1735279950563"}}
{"logTime": "1227/142323", "correlationVector":"TFd3xWkJNxEiJKYxpvCyei.125","action":"GetUpdates", "result":"DeleteReceived", "context":{"id":"68d33945-ba9b-433e-8d90-fc1620960bc9", "isDeleted:":"true", "version":"1735280468588"}}
{"logTime": "1227/142323", "correlationVector":"TFd3xWkJNxEiJKYxpvCyei.126","action":"GetUpdates", "result":"DeleteReceived", "context":{"id":"8954c56c-beba-4f16-96d9-5d8ef9fd48b5", "isDeleted:":"true", "version":"1735280468589"}}
{"logTime": "1227/142323", "correlationVector":"TFd3xWkJNxEiJKYxpvCyei.127","action":"GetUpdates", "result":"DeleteReceived", "context":{"id":"cb6000e8-0676-43a6-825b-54221829a298", "isDeleted:":"true", "version":"1735281863908"}}
{"logTime": "1227/142323", "correlationVector":"TFd3xWkJNxEiJKYxpvCyei.128","action":"GetUpdates", "result":"DeleteReceived", "context":{"id":"82c7c142-0cb9-4a2d-9d4a-e7066b00be29", "isDeleted:":"true", "version":"1735281975670"}}
{"logTime": "1227/142323", "correlationVector":"TFd3xWkJNxEiJKYxpvCyei.129","action":"GetUpdates", "result":"DeleteReceived", "context":{"id":"124d0634-8b19-4285-a62c-ffea27004386", "isDeleted:":"true", "version":"1735285795035"}}
{"logTime": "1227/142323", "correlationVector":"TFd3xWkJNxEiJKYxpvCyei.130","action":"GetUpdates", "result":"DeleteReceived", "context":{"id":"98334637-26f0-4ebc-996a-f89904ee1684", "isDeleted:":"true", "version":"1735285795036"}}
{"logTime": "1227/142323", "correlationVector":"TFd3xWkJNxEiJKYxpvCyei.131","action":"GetUpdates", "result":"DeleteReceived", "context":{"id":"395db5c5-3b1d-4c22-a337-b10827880ad0", "isDeleted:":"true", "version":"1735285795037"}}
{"logTime": "1227/142323", "correlationVector":"TFd3xWkJNxEiJKYxpvCyei.132","action":"GetUpdates", "result":"DeleteReceived", "context":{"id":"a2a6c57f-2ef6-4ea5-9a98-58bc4c0dd95c", "isDeleted:":"true", "version":"1735285795038"}}
{"logTime": "1227/142323", "correlationVector":"TFd3xWkJNxEiJKYxpvCyei.133","action":"GetUpdates", "result":"DeleteReceived", "context":{"id":"7b9f4398-e88d-4e50-b0f2-83e83ec718cd", "isDeleted:":"true", "version":"1735285795040"}}
{"logTime": "1227/142323", "correlationVector":"TFd3xWkJNxEiJKYxpvCyei.134","action":"GetUpdates", "result":"DeleteReceived", "context":{"id":"5cfaed3f-98f2-448c-b7f2-89f7f6a88b12", "isDeleted:":"true", "version":"1735285795041"}}
{"logTime": "1227/142323", "correlationVector":"TFd3xWkJNxEiJKYxpvCyei.135","action":"GetUpdates", "result":"DeleteReceived", "context":{"id":"0e92a553-0336-489c-be07-8970779c6c79", "isDeleted:":"true", "version":"1735286187497"}}
{"logTime": "1227/142323", "correlationVector":"TFd3xWkJNxEiJKYxpvCyei.136","action":"GetUpdates", "result":"DeleteReceived", "context":{"id":"06eabc8b-85cd-49d6-b701-1798c39cd202", "isDeleted:":"true", "version":"1735288368530"}}
{"logTime": "1227/142323", "correlationVector":"TFd3xWkJNxEiJKYxpvCyei.137","action":"GetUpdates", "result":"DeleteReceived", "context":{"id":"7fcbfb3d-e109-43ed-a5ca-88a35804440c", "isDeleted:":"true", "version":"1735292403211"}}
{"logTime": "1227/142323", "correlationVector":"TFd3xWkJNxEiJKYxpvCyei.138","action":"GetUpdates", "result":"DeleteReceived", "context":{"id":"4a4d0daf-eca5-417c-8bdb-6bc039b97f1e", "isDeleted:":"true", "version":"1735292977641"}}
{"logTime": "1227/142323", "correlationVector":"TFd3xWkJNxEiJKYxpvCyei.139","action":"GetUpdates", "result":"DeleteReceived", "context":{"id":"3c38602f-514a-47aa-bdae-e49066d9f43f", "isDeleted:":"true", "version":"1735300610061"}}
{"logTime": "1227/142323", "correlationVector":"TFd3xWkJNxEiJKYxpvCyei.140","action":"GetUpdates", "result":"DeleteReceived", "context":{"id":"b9fb43a2-a478-4906-bd93-0fc0566649f9", "isDeleted:":"true", "version":"1735300610062"}}
{"logTime": "1227/142323", "correlationVector":"TFd3xWkJNxEiJKYxpvCyei.141","action":"GetUpdates", "result":"DeleteReceived", "context":{"id":"1986dee1-c9f9-4a39-a32c-fa3f071186bb", "isDeleted:":"true", "version":"1735300610063"}}
{"logTime": "1227/142323", "correlationVector":"TFd3xWkJNxEiJKYxpvCyei.142","action":"GetUpdates", "result":"DeleteReceived", "context":{"id":"40634261-6651-4a27-ba9c-790641426e6e", "isDeleted:":"true", "version":"1735304262748"}}
{"logTime": "1227/142323", "correlationVector":"TFd3xWkJNxEiJKYxpvCyei.143","action":"GetUpdates", "result":"DeleteReceived", "context":{"id":"da1baf74-4335-4e46-926b-c84a253326b7", "isDeleted:":"true", "version":"1735305281775"}}
{"logTime": "1227/142323", "correlationVector":"TFd3xWkJNxEiJKYxpvCyei.144","action":"GetUpdates", "result":"DeleteReceived", "context":{"id":"2e4a24c6-4c55-442f-88b9-82c8a6f76b5c", "isDeleted:":"true", "version":"1735306222185"}}
{"logTime": "1227/142323", "correlationVector":"TFd3xWkJNxEiJKYxpvCyei.145","action":"GetUpdates", "result":"DeleteReceived", "context":{"id":"c4469cca-817c-4a6a-bfcd-0a75b2904db4", "isDeleted:":"true", "version":"1735306253797"}}
{"logTime": "1227/142323", "correlationVector":"TFd3xWkJNxEiJKYxpvCyei.146","action":"GetUpdates", "result":"DeleteReceived", "context":{"id":"a451f8b6-628f-4929-aa5f-bf6bba6563d4", "isDeleted:":"true", "version":"1735306253802"}}
{"logTime": "1227/142323", "correlationVector":"TFd3xWkJNxEiJKYxpvCyei.147","action":"GetUpdates", "result":"DeleteReceived", "context":{"id":"573f359a-7a8c-4221-844b-826c539f6195", "isDeleted:":"true", "version":"1735306253803"}}
{"logTime": "1227/142323", "correlationVector":"TFd3xWkJNxEiJKYxpvCyei.148","action":"GetUpdates", "result":"DeleteReceived", "context":{"id":"fc927525-bb9c-4f19-8671-4c8acec4732a", "isDeleted:":"true", "version":"1735306253804"}}
{"logTime": "1227/142323", "correlationVector":"TFd3xWkJNxEiJKYxpvCyei.149","action":"GetUpdates", "result":"DeleteReceived", "context":{"id":"1a0fb8b6-1fb9-41aa-ba0d-6ed7507cdccb", "isDeleted:":"true", "version":"1735306494137"}}
{"logTime": "1227/142323", "correlationVector":"TFd3xWkJNxEiJKYxpvCyei.150","action":"GetUpdates", "result":"DeleteReceived", "context":{"id":"9c171119-e65d-4a2e-9428-12bf4cff216d", "isDeleted:":"true", "version":"1735306541535"}}
{"logTime": "1227/142323", "correlationVector":"TFd3xWkJNxEiJKYxpvCyei.151","action":"GetUpdates", "result":"DeleteReceived", "context":{"id":"5988ee98-a490-4147-a915-85608d068a94", "isDeleted:":"true", "version":"1735306671796"}}
{"logTime": "1227/142323", "correlationVector":"TFd3xWkJNxEiJKYxpvCyei.152","action":"GetUpdates", "result":"DeleteReceived", "context":{"id":"7882cbdf-74e1-479e-83c3-e175295f466d", "isDeleted:":"true", "version":"1735306810786"}}
{"logTime": "1227/142323", "correlationVector":"TFd3xWkJNxEiJKYxpvCyei.153","action":"GetUpdates", "result":"DeleteReceived", "context":{"id":"db212833-919b-4446-8b7c-707cf9871398", "isDeleted:":"true", "version":"1735306810788"}}
{"logTime": "1227/142323", "correlationVector":"TFd3xWkJNxEiJKYxpvCyei.154","action":"GetUpdates", "result":"DeleteReceived", "context":{"id":"1e408367-bb0b-4c53-9b0e-d76e351fc776", "isDeleted:":"true", "version":"1735307035695"}}
{"logTime": "1227/142323", "correlationVector":"TFd3xWkJNxEiJKYxpvCyei.155","action":"GetUpdates", "result":"DeleteReceived", "context":{"id":"f6cd88a8-4ad2-4e3e-ad97-5fcb2c1f90c9", "isDeleted:":"true", "version":"1735307724028"}}
{"logTime": "1227/142323", "correlationVector":"TFd3xWkJNxEiJKYxpvCyei.156","action":"GetUpdates", "result":"DeleteReceived", "context":{"id":"b78387d1-bf61-4f79-89bc-55c393f6f0a1", "isDeleted:":"true", "version":"1735307724029"}}
{"logTime": "1227/142323", "correlationVector":"TFd3xWkJNxEiJKYxpvCyei.157","action":"GetUpdates", "result":"DeleteReceived", "context":{"id":"9fdbd939-08a5-432c-9ef9-7068f9c353c6", "isDeleted:":"true", "version":"1735307754686"}}
{"logTime": "1227/142323", "correlationVector":"TFd3xWkJNxEiJKYxpvCyei.158","action":"GetUpdates", "result":"DeleteReceived", "context":{"id":"62a13b41-1b50-4c99-afa3-4508e45675bc", "isDeleted:":"true", "version":"1735307784925"}}
{"logTime": "1227/142323", "correlationVector":"TFd3xWkJNxEiJKYxpvCyei.159","action":"GetUpdates", "result":"DeleteReceived", "context":{"id":"b5221fed-2864-42b4-9990-491e3bebce5a", "isDeleted:":"true", "version":"1735308245785"}}
{"logTime": "1227/142323", "correlationVector":"TFd3xWkJNxEiJKYxpvCyei.160","action":"GetUpdates", "result":"DeleteReceived", "context":{"id":"be1fddd8-ecda-4881-aa4f-9992ea72c09d", "isDeleted:":"true", "version":"1735308570282"}}
{"logTime": "1227/142323", "correlationVector":"TFd3xWkJNxEiJKYxpvCyei.161","action":"GetUpdates", "result":"DeleteReceived", "context":{"id":"4dbd356f-e062-431c-86c2-413d02374528", "isDeleted:":"true", "version":"1735308819715"}}
{"logTime": "1227/142323", "correlationVector":"TFd3xWkJNxEiJKYxpvCyei.162","action":"GetUpdates", "result":"DeleteReceived", "context":{"id":"2ff219aa-7b57-415f-b379-07df9ad351f6", "isDeleted:":"true", "version":"1735308819716"}}
{"logTime": "1227/142323", "correlationVector":"TFd3xWkJNxEiJKYxpvCyei.163","action":"GetUpdates", "result":"DeleteReceived", "context":{"id":"288b4d26-df2e-4fa0-9499-04491e622c38", "isDeleted:":"true", "version":"1735308945330"}}
{"logTime": "1227/142323", "correlationVector":"TFd3xWkJNxEiJKYxpvCyei.164","action":"GetUpdates", "result":"DeleteReceived", "context":{"id":"9f63f66d-1d99-4012-b574-ee39011e80dd", "isDeleted:":"true", "version":"1735308945332"}}
{"logTime": "1227/142323", "correlationVector":"TFd3xWkJNxEiJKYxpvCyei.165","action":"GetUpdates", "result":"DeleteReceived", "context":{"id":"60c7a04c-1e77-4157-99d1-cc71bad9071f", "isDeleted:":"true", "version":"1735308945334"}}
{"logTime": "1227/142323", "correlationVector":"TFd3xWkJNxEiJKYxpvCyei.166","action":"GetUpdates", "result":"DeleteReceived", "context":{"id":"9b5a9a07-d1c1-42ab-a352-1810adef2818", "isDeleted:":"true", "version":"1735308945337"}}
{"logTime": "1227/142323", "correlationVector":"TFd3xWkJNxEiJKYxpvCyei.167","action":"GetUpdates", "result":"DeleteReceived", "context":{"id":"7d482765-36b1-4953-a350-11db31622d76", "isDeleted:":"true", "version":"1735309221984"}}
{"logTime": "1227/142323", "correlationVector":"TFd3xWkJNxEiJKYxpvCyei.168","action":"GetUpdates Response", "result":"Success", "context":Received 200 update(s). cV=TFd3xWkJNxEiJKYxpvCyei.0;server=akswtt00300002l;cloudType=Consumer;environment=Prod_southeastasia_prod-s01-064-apac-southeastasia;migrationStage=NotStarted}
{"logTime": "1227/142323", "correlationVector":"8RUnH8skYPpVyOh9PCmlPz","action":"Normal GetUpdate request", "result":"", "context":cV=8RUnH8skYPpVyOh9PCmlPz
Nudged types: Typed URLs, Sessions, Device Info, User Consents
Refresh requested types: Bookmarks, Preferences, Passwords, Autofill Profiles, Autofill, Typed URLs, Extensions, Sessions, Extension settings, History Delete Directives, Device Info, User Consents, Send Tab To Self, Web Apps, Collection, Edge E Drop, Edge Hub App Usage, Edge Tab Group, Edge Wallet, Encryption Keys}
{"logTime": "1227/142324", "correlationVector":"8RUnH8skYPpVyOh9PCmlPz.1","action":"SyncServerConnectionManagerRequest", "result":"SYNC_SERVER_OK", "context":{"environment":"Prod_southeastasia_prod-s01-064-apac-southeastasia", "migrationStage":"NotStarted", "server":"akswtt00300000c"}}
{"logTime": "1227/142324", "correlationVector":"8RUnH8skYPpVyOh9PCmlPz.2","action":"GetUpdates Response", "result":"Success", "context":Received 0 update(s). cV=8RUnH8skYPpVyOh9PCmlPz.0;server=akswtt00300000c;cloudType=Consumer;environment=Prod_southeastasia_prod-s01-064-apac-southeastasia;migrationStage=NotStarted}
{"logTime": "1227/142324", "correlationVector":"1jdJDbg2UVOEz2u66XH1t6","action":"Commit Request", "result":"", "context":Item count: 6
Contributing types: Typed URLs, Sessions, Device Info, User Consents}
{"logTime": "1227/142324", "correlationVector":"1jdJDbg2UVOEz2u66XH1t6.1","action":"SyncServerConnectionManagerRequest", "result":"SYNC_SERVER_OK", "context":{"environment":"Prod_southeastasia_prod-s01-064-apac-southeastasia", "migrationStage":"NotStarted", "server":"akswtt00300000i"}}
{"logTime": "1227/142324", "correlationVector":"1jdJDbg2UVOEz2u66XH1t6.2","action":"Commit Response", "result":"Success", "context":Result: Success. cV=1jdJDbg2UVOEz2u66XH1t6.0;server=akswtt00300000i;cloudType=Consumer;environment=Prod_southeastasia_prod-s01-064-apac-southeastasia;migrationStage=NotStarted}
{"logTime": "1227/142331", "correlationVector":"ol1WZ5/C8TuAGIOBPEdaun","action":"Commit Request", "result":"", "context":Item count: 1
Contributing types: User Consents}
{"logTime": "1227/142331", "correlationVector":"ol1WZ5/C8TuAGIOBPEdaun.1","action":"SyncServerConnectionManagerRequest", "result":"SYNC_SERVER_OK", "context":{"environment":"Prod_southeastasia_prod-s01-064-apac-southeastasia", "migrationStage":"NotStarted", "server":"akswtt00300000a"}}
{"logTime": "1227/142331", "correlationVector":"ol1WZ5/C8TuAGIOBPEdaun.2","action":"Commit Response", "result":"Success", "context":Result: Success. cV=ol1WZ5/C8TuAGIOBPEdaun.0;server=akswtt00300000a;cloudType=Consumer;environment=Prod_southeastasia_prod-s01-064-apac-southeastasia;migrationStage=NotStarted}
